Information: Updating design information... (UID-85)
 
****************************************
Report : timing
        -path full
        -delay min
        -max_paths 1
Design : DSO_dig
Version: I-2013.12-SP5
Date   : Thu Dec 11 00:12:22 2014
****************************************

Operating Conditions: NCCOM   Library: tcbn40lpbwptc
Wire Load Model Mode: segmented

  Startpoint: iuart/TX_DUT/baud_count_reg[5]
              (rising edge-triggered flip-flop clocked by clk)
  Endpoint: iuart/TX_DUT/baud_count_reg[5]
            (rising edge-triggered flip-flop clocked by clk)
  Path Group: clk
  Path Type: min

  Des/Clust/Port     Wire Load Model       Library
  ------------------------------------------------
  DSO_dig            TSMC32K_Lowk_Conservative
                                           tcbn40lpbwptc

  Point                                                   Incr       Path
  --------------------------------------------------------------------------
  clock clk (rise edge)                                   0.00       0.00
  clock network delay (ideal)                             0.00       0.00
  iuart/TX_DUT/baud_count_reg[5]/CP (DFCNQD1BWP)          0.00       0.00 r
  iuart/TX_DUT/baud_count_reg[5]/Q (DFCNQD1BWP)           0.13       0.13 r
  U1308/ZN (AOI221D0BWP)                                  0.04       0.17 f
  iuart/TX_DUT/baud_count_reg[5]/D (DFCNQD1BWP)           0.00       0.17 f
  data arrival time                                                  0.17

  clock clk (rise edge)                                   0.00       0.00
  clock network delay (ideal)                             0.00       0.00
  clock uncertainty                                       0.15       0.15
  iuart/TX_DUT/baud_count_reg[5]/CP (DFCNQD1BWP)          0.00       0.15 r
  library hold time                                       0.02       0.17
  data required time                                                 0.17
  --------------------------------------------------------------------------
  data required time                                                 0.17
  data arrival time                                                 -0.17
  --------------------------------------------------------------------------
  slack (MET)                                                        0.00


1
