 
****************************************
Report : area
Design : DSO_dig
Version: I-2013.12-SP5
Date   : Wed Dec 10 15:04:58 2014
****************************************

Library(s) Used:

    tcbn40lpbwptc (File: /cae/apps/data/synopsys-2013/TSMCHOME/digital/Front_End/timing_power_noise/NLDM/tcbn40lpbwp_120b/tcbn40lpbwptc.db)

Number of ports:                           40
Number of nets:                          1130
Number of cells:                          963
Number of combinational cells:            720
Number of sequential cells:               234
Number of macros/black boxes:               0
Number of buf/inv:                        191
Number of references:                     126

Combinational area:               1417.550413
Buf/Inv area:                      157.525204
Noncombinational area:            1028.764800
Macro/Black Box area:                0.000000
Net Interconnect area:      undefined  (Wire load has zero net area)

Total cell area:                  2446.315213
Total area:                 undefined
1
