Information: Updating design information... (UID-85)
 
****************************************
Report : timing
        -path full
        -delay min
        -max_paths 1
Design : DSO_dig
Version: I-2013.12-SP5
Date   : Wed Dec 10 15:04:58 2014
****************************************

Operating Conditions: NCCOM   Library: tcbn40lpbwptc
Wire Load Model Mode: segmented

  Startpoint: iuart/TX_DUT/state_reg[0]
              (rising edge-triggered flip-flop clocked by clk)
  Endpoint: iuart/TX_DUT/state_reg[1]
            (rising edge-triggered flip-flop clocked by clk)
  Path Group: clk
  Path Type: min

  Des/Clust/Port     Wire Load Model       Library
  ------------------------------------------------
  DSO_dig            TSMC32K_Lowk_Conservative
                                           tcbn40lpbwptc

  Point                                                   Incr       Path
  --------------------------------------------------------------------------
  clock clk (rise edge)                                   0.00       0.00
  clock network delay (ideal)                             0.00       0.00
  iuart/TX_DUT/state_reg[0]/CP (DFCNQD1BWP)               0.00       0.00 r
  iuart/TX_DUT/state_reg[0]/Q (DFCNQD1BWP)                0.14       0.14 r
  U629/ZN (OAI33D1BWP)                                    0.03       0.18 f
  iuart/TX_DUT/state_reg[1]/D (DFCNQD1BWP)                0.00       0.18 f
  data arrival time                                                  0.18

  clock clk (rise edge)                                   0.00       0.00
  clock network delay (ideal)                             0.00       0.00
  clock uncertainty                                       0.15       0.15
  iuart/TX_DUT/state_reg[1]/CP (DFCNQD1BWP)               0.00       0.15 r
  library hold time                                       0.03       0.18
  data required time                                                 0.18
  --------------------------------------------------------------------------
  data required time                                                 0.18
  data arrival time                                                 -0.18
  --------------------------------------------------------------------------
  slack (MET)                                                        0.00


1
